{"C:\\Users\\muhus\\OneDrive\\Desktop\\dd\\Semester 8\\SE\\MedicineConnect\\backend\\app.js": {"path":"C:\\Users\\muhus\\OneDrive\\Desktop\\dd\\Semester 8\\SE\\MedicineConnect\\backend\\app.js","statementMap":{"0":{"start":{"line":1,"column":16},"end":{"line":1,"column":34}},"1":{"start":{"line":2,"column":13},"end":{"line":2,"column":28}},"2":{"start":{"line":3,"column":19},"end":{"line":3,"column":49}},"3":{"start":{"line":4,"column":26},"end":{"line":4,"column":63}},"4":{"start":{"line":6,"column":12},"end":{"line":6,"column":21}},"5":{"start":{"line":8,"column":0},"end":{"line":8,"column":16}},"6":{"start":{"line":9,"column":0},"end":{"line":9,"column":24}},"7":{"start":{"line":11,"column":0},"end":{"line":11,"column":33}},"8":{"start":{"line":12,"column":0},"end":{"line":12,"column":48}},"9":{"start":{"line":14,"column":0},"end":{"line":14,"column":21}}},"fnMap":{},"branchMap":{},"s":{"0":2,"1":2,"2":2,"3":2,"4":2,"5":2,"6":2,"7":2,"8":2,"9":2},"f":{},"b":{},"_coverageSchema":"1a1c01bbd47fc00a2c39e90264f33305004495a9","hash":"32f405a8b81cb3556f0fcb565bad54189a9c9b84"}
,"C:\\Users\\muhus\\OneDrive\\Desktop\\dd\\Semester 8\\SE\\MedicineConnect\\backend\\controllers\\appointmentController.js": {"path":"C:\\Users\\muhus\\OneDrive\\Desktop\\dd\\Semester 8\\SE\\MedicineConnect\\backend\\controllers\\appointmentController.js","statementMap":{"0":{"start":{"line":1,"column":20},"end":{"line":1,"column":52}},"1":{"start":{"line":4,"column":26},"end":{"line":11,"column":1}},"2":{"start":{"line":5,"column":2},"end":{"line":10,"column":3}},"3":{"start":{"line":6,"column":24},"end":{"line":6,"column":58}},"4":{"start":{"line":7,"column":4},"end":{"line":7,"column":38}},"5":{"start":{"line":9,"column":4},"end":{"line":9,"column":75}},"6":{"start":{"line":14,"column":24},"end":{"line":21,"column":1}},"7":{"start":{"line":15,"column":2},"end":{"line":20,"column":3}},"8":{"start":{"line":16,"column":25},"end":{"line":16,"column":73}},"9":{"start":{"line":17,"column":4},"end":{"line":17,"column":39}},"10":{"start":{"line":19,"column":4},"end":{"line":19,"column":61}},"11":{"start":{"line":24,"column":27},"end":{"line":32,"column":1}},"12":{"start":{"line":25,"column":2},"end":{"line":31,"column":3}},"13":{"start":{"line":26,"column":24},"end":{"line":26,"column":65}},"14":{"start":{"line":27,"column":4},"end":{"line":27,"column":76}},"15":{"start":{"line":27,"column":22},"end":{"line":27,"column":76}},"16":{"start":{"line":28,"column":4},"end":{"line":28,"column":38}},"17":{"start":{"line":30,"column":4},"end":{"line":30,"column":61}},"18":{"start":{"line":35,"column":26},"end":{"line":43,"column":1}},"19":{"start":{"line":36,"column":2},"end":{"line":42,"column":3}},"20":{"start":{"line":37,"column":20},"end":{"line":37,"column":70}},"21":{"start":{"line":38,"column":4},"end":{"line":38,"column":72}},"22":{"start":{"line":38,"column":18},"end":{"line":38,"column":72}},"23":{"start":{"line":39,"column":4},"end":{"line":39,"column":61}},"24":{"start":{"line":41,"column":4},"end":{"line":41,"column":61}},"25":{"start":{"line":46,"column":26},"end":{"line":58,"column":1}},"26":{"start":{"line":47,"column":2},"end":{"line":57,"column":3}},"27":{"start":{"line":48,"column":20},"end":{"line":52,"column":5}},"28":{"start":{"line":53,"column":4},"end":{"line":53,"column":72}},"29":{"start":{"line":53,"column":18},"end":{"line":53,"column":72}},"30":{"start":{"line":54,"column":4},"end":{"line":54,"column":34}},"31":{"start":{"line":56,"column":4},"end":{"line":56,"column":61}},"32":{"start":{"line":60,"column":0},"end":{"line":66,"column":2}}},"fnMap":{"0":{"name":"(anonymous_0)","decl":{"start":{"line":4,"column":26},"end":{"line":4,"column":27}},"loc":{"start":{"line":4,"column":46},"end":{"line":11,"column":1}},"line":4},"1":{"name":"(anonymous_1)","decl":{"start":{"line":14,"column":24},"end":{"line":14,"column":25}},"loc":{"start":{"line":14,"column":44},"end":{"line":21,"column":1}},"line":14},"2":{"name":"(anonymous_2)","decl":{"start":{"line":24,"column":27},"end":{"line":24,"column":28}},"loc":{"start":{"line":24,"column":47},"end":{"line":32,"column":1}},"line":24},"3":{"name":"(anonymous_3)","decl":{"start":{"line":35,"column":26},"end":{"line":35,"column":27}},"loc":{"start":{"line":35,"column":46},"end":{"line":43,"column":1}},"line":35},"4":{"name":"(anonymous_4)","decl":{"start":{"line":46,"column":26},"end":{"line":46,"column":27}},"loc":{"start":{"line":46,"column":46},"end":{"line":58,"column":1}},"line":46}},"branchMap":{"0":{"loc":{"start":{"line":27,"column":4},"end":{"line":27,"column":76}},"type":"if","locations":[{"start":{"line":27,"column":4},"end":{"line":27,"column":76}},{"start":{},"end":{}}],"line":27},"1":{"loc":{"start":{"line":38,"column":4},"end":{"line":38,"column":72}},"type":"if","locations":[{"start":{"line":38,"column":4},"end":{"line":38,"column":72}},{"start":{},"end":{}}],"line":38},"2":{"loc":{"start":{"line":53,"column":4},"end":{"line":53,"column":72}},"type":"if","locations":[{"start":{"line":53,"column":4},"end":{"line":53,"column":72}},{"start":{},"end":{}}],"line":53}},"s":{"0":2,"1":2,"2":1,"3":1,"4":1,"5":0,"6":2,"7":1,"8":1,"9":1,"10":0,"11":2,"12":1,"13":1,"14":1,"15":0,"16":1,"17":0,"18":2,"19":1,"20":1,"21":1,"22":0,"23":1,"24":0,"25":2,"26":1,"27":1,"28":1,"29":0,"30":1,"31":0,"32":2},"f":{"0":1,"1":1,"2":1,"3":1,"4":1},"b":{"0":[0,1],"1":[0,1],"2":[0,1]},"_coverageSchema":"1a1c01bbd47fc00a2c39e90264f33305004495a9","hash":"0116e675aaa3dcede9cea6da4d9059806ef249f3"}
,"C:\\Users\\muhus\\OneDrive\\Desktop\\dd\\Semester 8\\SE\\MedicineConnect\\backend\\controllers\\authController.js": {"path":"C:\\Users\\muhus\\OneDrive\\Desktop\\dd\\Semester 8\\SE\\MedicineConnect\\backend\\controllers\\authController.js","statementMap":{"0":{"start":{"line":1,"column":15},"end":{"line":1,"column":34}},"1":{"start":{"line":2,"column":12},"end":{"line":2,"column":35}},"2":{"start":{"line":3,"column":13},"end":{"line":3,"column":38}},"3":{"start":{"line":5,"column":19},"end":{"line":5,"column":41}},"4":{"start":{"line":7,"column":21},"end":{"line":35,"column":1}},"5":{"start":{"line":8,"column":57},"end":{"line":8,"column":65}},"6":{"start":{"line":9,"column":2},"end":{"line":34,"column":3}},"7":{"start":{"line":10,"column":25},"end":{"line":10,"column":54}},"8":{"start":{"line":11,"column":4},"end":{"line":12,"column":70}},"9":{"start":{"line":12,"column":6},"end":{"line":12,"column":70}},"10":{"start":{"line":14,"column":27},"end":{"line":14,"column":58}},"11":{"start":{"line":16,"column":17},"end":{"line":22,"column":6}},"12":{"start":{"line":24,"column":4},"end":{"line":24,"column":22}},"13":{"start":{"line":26,"column":18},"end":{"line":28,"column":6}},"14":{"start":{"line":30,"column":4},"end":{"line":30,"column":42}},"15":{"start":{"line":32,"column":4},"end":{"line":32,"column":25}},"16":{"start":{"line":33,"column":4},"end":{"line":33,"column":77}},"17":{"start":{"line":37,"column":18},"end":{"line":57,"column":1}},"18":{"start":{"line":38,"column":30},"end":{"line":38,"column":38}},"19":{"start":{"line":39,"column":2},"end":{"line":56,"column":3}},"20":{"start":{"line":40,"column":17},"end":{"line":40,"column":46}},"21":{"start":{"line":41,"column":4},"end":{"line":42,"column":76}},"22":{"start":{"line":42,"column":6},"end":{"line":42,"column":76}},"23":{"start":{"line":44,"column":20},"end":{"line":44,"column":65}},"24":{"start":{"line":45,"column":4},"end":{"line":46,"column":76}},"25":{"start":{"line":46,"column":6},"end":{"line":46,"column":76}},"26":{"start":{"line":48,"column":18},"end":{"line":50,"column":6}},"27":{"start":{"line":52,"column":4},"end":{"line":52,"column":42}},"28":{"start":{"line":54,"column":4},"end":{"line":54,"column":25}},"29":{"start":{"line":55,"column":4},"end":{"line":55,"column":77}},"30":{"start":{"line":59,"column":0},"end":{"line":59,"column":45}}},"fnMap":{"0":{"name":"(anonymous_0)","decl":{"start":{"line":7,"column":21},"end":{"line":7,"column":22}},"loc":{"start":{"line":7,"column":41},"end":{"line":35,"column":1}},"line":7},"1":{"name":"(anonymous_1)","decl":{"start":{"line":37,"column":18},"end":{"line":37,"column":19}},"loc":{"start":{"line":37,"column":38},"end":{"line":57,"column":1}},"line":37}},"branchMap":{"0":{"loc":{"start":{"line":11,"column":4},"end":{"line":12,"column":70}},"type":"if","locations":[{"start":{"line":11,"column":4},"end":{"line":12,"column":70}},{"start":{},"end":{}}],"line":11},"1":{"loc":{"start":{"line":41,"column":4},"end":{"line":42,"column":76}},"type":"if","locations":[{"start":{"line":41,"column":4},"end":{"line":42,"column":76}},{"start":{},"end":{}}],"line":41},"2":{"loc":{"start":{"line":45,"column":4},"end":{"line":46,"column":76}},"type":"if","locations":[{"start":{"line":45,"column":4},"end":{"line":46,"column":76}},{"start":{},"end":{}}],"line":45}},"s":{"0":2,"1":2,"2":2,"3":2,"4":2,"5":2,"6":2,"7":2,"8":2,"9":1,"10":1,"11":1,"12":1,"13":1,"14":1,"15":0,"16":0,"17":2,"18":2,"19":2,"20":2,"21":2,"22":1,"23":1,"24":1,"25":1,"26":0,"27":0,"28":0,"29":0,"30":2},"f":{"0":2,"1":2},"b":{"0":[1,1],"1":[1,1],"2":[1,0]},"_coverageSchema":"1a1c01bbd47fc00a2c39e90264f33305004495a9","hash":"58bc61c4a713e59006f6233ce0a2e0ba3c124325"}
,"C:\\Users\\muhus\\OneDrive\\Desktop\\dd\\Semester 8\\SE\\MedicineConnect\\backend\\models\\Appointment.js": {"path":"C:\\Users\\muhus\\OneDrive\\Desktop\\dd\\Semester 8\\SE\\MedicineConnect\\backend\\models\\Appointment.js","statementMap":{"0":{"start":{"line":1,"column":17},"end":{"line":1,"column":36}},"1":{"start":{"line":3,"column":26},"end":{"line":36,"column":1}},"2":{"start":{"line":38,"column":0},"end":{"line":38,"column":66}}},"fnMap":{},"branchMap":{},"s":{"0":2,"1":2,"2":2},"f":{},"b":{},"_coverageSchema":"1a1c01bbd47fc00a2c39e90264f33305004495a9","hash":"212cd2518ed8e84023ef6e6b0fc5b19cbc73579a"}
,"C:\\Users\\muhus\\OneDrive\\Desktop\\dd\\Semester 8\\SE\\MedicineConnect\\backend\\models\\User.js": {"path":"C:\\Users\\muhus\\OneDrive\\Desktop\\dd\\Semester 8\\SE\\MedicineConnect\\backend\\models\\User.js","statementMap":{"0":{"start":{"line":1,"column":17},"end":{"line":1,"column":36}},"1":{"start":{"line":3,"column":19},"end":{"line":29,"column":1}},"2":{"start":{"line":31,"column":13},"end":{"line":31,"column":47}},"3":{"start":{"line":32,"column":0},"end":{"line":32,"column":22}}},"fnMap":{},"branchMap":{},"s":{"0":2,"1":2,"2":2,"3":2},"f":{},"b":{},"_coverageSchema":"1a1c01bbd47fc00a2c39e90264f33305004495a9","hash":"0a0dfc12e113efbd33e830672125b4113c26c45c"}
,"C:\\Users\\muhus\\OneDrive\\Desktop\\dd\\Semester 8\\SE\\MedicineConnect\\backend\\routes\\appointmentRoutes.js": {"path":"C:\\Users\\muhus\\OneDrive\\Desktop\\dd\\Semester 8\\SE\\MedicineConnect\\backend\\routes\\appointmentRoutes.js","statementMap":{"0":{"start":{"line":1,"column":16},"end":{"line":1,"column":34}},"1":{"start":{"line":2,"column":15},"end":{"line":2,"column":31}},"2":{"start":{"line":9,"column":4},"end":{"line":9,"column":51}},"3":{"start":{"line":12,"column":0},"end":{"line":12,"column":36}},"4":{"start":{"line":15,"column":0},"end":{"line":15,"column":33}},"5":{"start":{"line":18,"column":0},"end":{"line":18,"column":39}},"6":{"start":{"line":21,"column":0},"end":{"line":21,"column":41}},"7":{"start":{"line":24,"column":0},"end":{"line":24,"column":38}},"8":{"start":{"line":26,"column":0},"end":{"line":26,"column":24}}},"fnMap":{},"branchMap":{},"s":{"0":2,"1":2,"2":2,"3":2,"4":2,"5":2,"6":2,"7":2,"8":2},"f":{},"b":{},"_coverageSchema":"1a1c01bbd47fc00a2c39e90264f33305004495a9","hash":"5af7aa3032a81c9c8d2387e2a6ab2fc120f9d8a6"}
,"C:\\Users\\muhus\\OneDrive\\Desktop\\dd\\Semester 8\\SE\\MedicineConnect\\backend\\routes\\authRoutes.js": {"path":"C:\\Users\\muhus\\OneDrive\\Desktop\\dd\\Semester 8\\SE\\MedicineConnect\\backend\\routes\\authRoutes.js","statementMap":{"0":{"start":{"line":1,"column":16},"end":{"line":1,"column":34}},"1":{"start":{"line":2,"column":15},"end":{"line":2,"column":31}},"2":{"start":{"line":3,"column":36},"end":{"line":3,"column":76}},"3":{"start":{"line":5,"column":0},"end":{"line":5,"column":37}},"4":{"start":{"line":6,"column":0},"end":{"line":6,"column":33}},"5":{"start":{"line":8,"column":0},"end":{"line":8,"column":24}}},"fnMap":{},"branchMap":{},"s":{"0":2,"1":2,"2":2,"3":2,"4":2,"5":2},"f":{},"b":{},"_coverageSchema":"1a1c01bbd47fc00a2c39e90264f33305004495a9","hash":"ae2fff7946e258a6a52aa32e999b784c50406464"}
}
