TN:
SF:app.js
FNF:0
FNH:0
DA:1,2
DA:2,2
DA:3,2
DA:4,2
DA:6,2
DA:8,2
DA:9,2
DA:11,2
DA:12,2
DA:14,2
LF:10
LH:10
BRF:0
BRH:0
end_of_record
TN:
SF:controllers\appointmentController.js
FN:4,(anonymous_0)
FN:14,(anonymous_1)
FN:24,(anonymous_2)
FN:35,(anonymous_3)
FN:46,(anonymous_4)
FNF:5
FNH:5
FNDA:1,(anonymous_0)
FNDA:1,(anonymous_1)
FNDA:1,(anonymous_2)
FNDA:1,(anonymous_3)
FNDA:1,(anonymous_4)
DA:1,2
DA:4,2
DA:5,1
DA:6,1
DA:7,1
DA:9,0
DA:14,2
DA:15,1
DA:16,1
DA:17,1
DA:19,0
DA:24,2
DA:25,1
DA:26,1
DA:27,1
DA:28,1
DA:30,0
DA:35,2
DA:36,1
DA:37,1
DA:38,1
DA:39,1
DA:41,0
DA:46,2
DA:47,1
DA:48,1
DA:53,1
DA:54,1
DA:56,0
DA:60,2
LF:30
LH:25
BRDA:27,0,0,0
BRDA:27,0,1,1
BRDA:38,1,0,0
BRDA:38,1,1,1
BRDA:53,2,0,0
BRDA:53,2,1,1
BRF:6
BRH:3
end_of_record
TN:
SF:controllers\authController.js
FN:7,(anonymous_0)
FN:37,(anonymous_1)
FNF:2
FNH:2
FNDA:2,(anonymous_0)
FNDA:2,(anonymous_1)
DA:1,2
DA:2,2
DA:3,2
DA:5,2
DA:7,2
DA:8,2
DA:9,2
DA:10,2
DA:11,2
DA:12,1
DA:14,1
DA:16,1
DA:24,1
DA:26,1
DA:30,1
DA:32,0
DA:33,0
DA:37,2
DA:38,2
DA:39,2
DA:40,2
DA:41,2
DA:42,1
DA:44,1
DA:45,1
DA:46,1
DA:48,0
DA:52,0
DA:54,0
DA:55,0
DA:59,2
LF:31
LH:25
BRDA:11,0,0,1
BRDA:11,0,1,1
BRDA:41,1,0,1
BRDA:41,1,1,1
BRDA:45,2,0,1
BRDA:45,2,1,0
BRF:6
BRH:5
end_of_record
TN:
SF:models\Appointment.js
FNF:0
FNH:0
DA:1,2
DA:3,2
DA:38,2
LF:3
LH:3
BRF:0
BRH:0
end_of_record
TN:
SF:models\User.js
FNF:0
FNH:0
DA:1,2
DA:3,2
DA:31,2
DA:32,2
LF:4
LH:4
BRF:0
BRH:0
end_of_record
TN:
SF:routes\appointmentRoutes.js
FNF:0
FNH:0
DA:1,2
DA:2,2
DA:9,2
DA:12,2
DA:15,2
DA:18,2
DA:21,2
DA:24,2
DA:26,2
LF:9
LH:9
BRF:0
BRH:0
end_of_record
TN:
SF:routes\authRoutes.js
FNF:0
FNH:0
DA:1,2
DA:2,2
DA:3,2
DA:5,2
DA:6,2
DA:8,2
LF:6
LH:6
BRF:0
BRH:0
end_of_record
